10:19:12    16 -->                                                             [tcl] ucliGUI::connect -toolargs -ucligui -toolexe ./simv -pid 29792 -toolin /tmp/vcs_20220207011908_29791_thkim..stdin -toolout /tmp/vcs_20220207011908_29791_thkim..stdout  
10:19:12    17 -->                                                                 [tcl] set ucliGUI::state
10:19:12    18 -->                                                                     [tcl] gui_update_simulator_buttons
10:19:14    19 -->                                                                         [tcl] set ucliGUI::state
10:19:14    20 -->                                                                             [tcl] ucliCore::getToolPID
10:19:14    21 -->                                                                                 [tcl] synopsys::env hasTB
10:19:14    22 -->                                                                                     [tcl] trigger_hier_stack_context_switch 0
10:19:14    23 -->                                                                                         [tcl] synUtils::setDVEInitPhase 1
10:19:14    24 -->                                                                                             [tcl] gui_get_env SIMSETUP::SIMVPD
10:19:14    25 --> ...  [tcl] synopsys::dump -type VPD -file /home/titan/thkim/work/booth3_mult_signed_8x8/vcs_verification/rtl/work/inter.vpd -locking
10:19:14    26 --> ...      [tcl] synopsys::dump -autoflush on -fid VPD0
10:19:14    27 --> ...          [tcl] set ::dve_fid VPD0
10:19:14    28 --> ...              [tcl] synUtils::setDVEInitPhase 0
10:19:14    29 --> ...                  [tcl] ucliCore::getToolPID
10:19:14    30 --> ...                      [tcl] synUtils::sendTool -active _icl_setToolSocket /tmp/smlnpjFIUhG
10:19:14    31 --> ...                          [tcl] synUtils::sendTool -active {_icl_start_rpc -version "K-2015.09-SP1_Full64" -sync_file /tmp/vcs_dve_rpc.thkim.29792}
10:19:14    32 --> ...                              [tcl] synUtils::sendTool -active {_icl_createSharedMemory /tmp/vcs_dve_general.thkim.29792}
10:19:14    33 --> ...                                  [tcl] dveMisc::vbusExpand Booth3_algorithm_signed_tb
10:19:14    34 --> ...                                      [tcl] config endofsim noexit
10:19:14    35 --> ...                                          [tcl] config onfail enable all
10:19:14    36 --> ...                                              [tcl] config syscaddplainmembers
10:19:14    37 --> ...                                                  [tcl] config syscaddsourcenames
10:19:14    38 --> ...                                                      [tcl] config syscaddstructtypes
10:19:14    39 --> ...                                                          [tcl] synopsys::listing -disable
10:19:22    40 --> ...                                                              [tcl] synopsys::dump -add {Booth3_algorithm_signed_tb.CLK Booth3_algorithm_signed_tb.RST Booth3_algorithm_signed_tb.final_result Booth3_algorithm_signed_tb.multiplier Booth3_algorithm_signed_tb.x } -aggregates  -fid VPD0
10:19:28    41 --> ...                                                                  [tcl] synopsys::run -relative 500000.000000ps
10:19:28    42 --> ...                                                                      [tcl] set ucliGUI::state
10:19:28    43 --> ...                                                                          [tcl] set ucliGUI::state
10:19:28    44 --> ...                                                                              [tcl] set ucliGUI::state
10:19:28    45 --> ...                                                                                  [tcl] set ucliGUI::state
10:19:28    46 --> ...                                                                                      [tcl] set ucliGUI::state
10:19:28    47 --> ...                                                                                          [tcl] catch {senv activeDomain} dveMisc::result 
10:19:28    48 --> ...                                                                                              [tcl] set dveMisc::result
10:19:28    49 --> ...                                                                                                  [tcl] gui_update_simulator_buttons
10:19:35    50 --> ...  [tcl] ucliGUI::getSignalValues -scope Booth3_algorithm_signed_tb -radix {binary } -list {{final_result[15:0]} }
10:19:35    51 --> ...      [tcl] ucliGUI::getSignalValues -scope Booth3_algorithm_signed_tb -radix {binary } -list {RST }
10:19:35    52 --> ...          [tcl] ucliGUI::getSignalValues -scope Booth3_algorithm_signed_tb -radix {binary } -list {CLK }
10:19:35    53 --> ...              [tcl] ucliGUI::getSignalValues -scope Booth3_algorithm_signed_tb -radix {binary } -list {{x[7:0]} }
10:19:35    54 --> ...                  [tcl] ucliGUI::getSignalValues -scope Booth3_algorithm_signed_tb -radix {binary } -list {{multiplier[7:0]} }
11:01:42    55 --> ...                      [tcl] if [catch {gui_sim_terminate}] {gui_sim_terminate -kill}
11:01:42    56 --> ...                          [tcl] synopsys::finish
11:01:42    57 --> ...                              [tcl] set ucliGUI::state
11:01:42    58 --> ...                                  [tcl] set ucliGUI::state
11:01:42    59 --> ...                                      [tcl] catch {senv activeDomain} dveMisc::result 
11:01:42    60 --> ...                                          [tcl] set dveMisc::result
11:01:42    61 --> ...                                              [tcl] gui_update_simulator_buttons
11:01:42    62 --> ...                                                  [tcl] catch {senv activeDomain} dveMisc::result 
11:01:42    63 --> ...                                                      [tcl] set dveMisc::result
11:01:42    64 --> ...                                                          [tcl] ucli_exit
