INFO: [VRFC 10-2263] Analyzing Verilog file "D:/XILINX/Vivado/project/8x8_booth3_signed_mult/8x8_booth3_signed_mult.srcs/sources_1/new/adder_3M.v" into library xil_defaultlib
INFO: [VRFC 10-311] analyzing module adder3M
INFO: [VRFC 10-2263] Analyzing Verilog file "D:/XILINX/Vivado/project/8x8_booth3_signed_mult/8x8_booth3_signed_mult.srcs/sources_1/imports/new/booth.v" into library xil_defaultlib
INFO: [VRFC 10-311] analyzing module booth
INFO: [VRFC 10-2263] Analyzing Verilog file "D:/XILINX/Vivado/project/8x8_booth3_signed_mult/8x8_booth3_signed_mult.srcs/sources_1/imports/new/cra.v" into library xil_defaultlib
INFO: [VRFC 10-311] analyzing module cra
INFO: [VRFC 10-2263] Analyzing Verilog file "D:/XILINX/Vivado/project/8x8_booth3_signed_mult/8x8_booth3_signed_mult.srcs/sources_1/imports/new/full_adder.v" into library xil_defaultlib
INFO: [VRFC 10-311] analyzing module full_adder
INFO: [VRFC 10-2263] Analyzing Verilog file "D:/XILINX/Vivado/project/8x8_booth3_signed_mult/8x8_booth3_signed_mult.srcs/sources_1/imports/new/half_adder.v" into library xil_defaultlib
INFO: [VRFC 10-311] analyzing module half_adder
INFO: [VRFC 10-2263] Analyzing Verilog file "D:/XILINX/Vivado/project/8x8_booth3_signed_mult/8x8_booth3_signed_mult.srcs/sources_1/imports/new/partial_product.v" into library xil_defaultlib
INFO: [VRFC 10-311] analyzing module partial_product
INFO: [VRFC 10-2458] undeclared symbol M1, assumed default net type wire [D:/XILINX/Vivado/project/8x8_booth3_signed_mult/8x8_booth3_signed_mult.srcs/sources_1/imports/new/partial_product.v:16]
INFO: [VRFC 10-2458] undeclared symbol M2, assumed default net type wire [D:/XILINX/Vivado/project/8x8_booth3_signed_mult/8x8_booth3_signed_mult.srcs/sources_1/imports/new/partial_product.v:17]
INFO: [VRFC 10-2458] undeclared symbol M3, assumed default net type wire [D:/XILINX/Vivado/project/8x8_booth3_signed_mult/8x8_booth3_signed_mult.srcs/sources_1/imports/new/partial_product.v:18]
INFO: [VRFC 10-2458] undeclared symbol M4, assumed default net type wire [D:/XILINX/Vivado/project/8x8_booth3_signed_mult/8x8_booth3_signed_mult.srcs/sources_1/imports/new/partial_product.v:19]
INFO: [VRFC 10-2458] undeclared symbol N, assumed default net type wire [D:/XILINX/Vivado/project/8x8_booth3_signed_mult/8x8_booth3_signed_mult.srcs/sources_1/imports/new/partial_product.v:21]
INFO: [VRFC 10-2458] undeclared symbol N_Z, assumed default net type wire [D:/XILINX/Vivado/project/8x8_booth3_signed_mult/8x8_booth3_signed_mult.srcs/sources_1/imports/new/partial_product.v:22]
INFO: [VRFC 10-2263] Analyzing Verilog file "D:/XILINX/Vivado/project/8x8_booth3_signed_mult/8x8_booth3_signed_mult.srcs/sources_1/new/top.v" into library xil_defaultlib
INFO: [VRFC 10-311] analyzing module top
INFO: [VRFC 10-2263] Analyzing Verilog file "D:/XILINX/Vivado/project/8x8_booth3_signed_mult/8x8_booth3_signed_mult.srcs/sim_1/imports/new/Booth2_algorithm_signed_tb.v" into library xil_defaultlib
INFO: [VRFC 10-311] analyzing module Booth2_algorithm_signed_tb
