set ucliGUI::state
set ucliGUI::state
ucliCore::getToolPID
synopsys::env hasTB
trigger_hier_stack_context_switch 0
synUtils::setDVEInitPhase 1
synopsys::dump -type VPD -file /home/titan/thkim/work/booth3_mult_signed_8x8/vcs_verification/netlist/work/inter.vpd -locking
synopsys::dump -autoflush on -fid VPD0
set ::dve_fid VPD0
synUtils::setDVEInitPhase 0
ucliCore::getToolPID
synUtils::sendTool -active _icl_setToolSocket /tmp/smlnpMC5NBJ
synUtils::sendTool -active {_icl_start_rpc -version "K-2015.09-SP1_Full64" -sync_file /tmp/vcs_dve_rpc.thkim.6622}
synUtils::sendTool -active {_icl_createSharedMemory /tmp/vcs_dve_general.thkim.6622}
config endofsim noexit
config onfail enable all
config syscaddplainmembers
config syscaddsourcenames
config syscaddstructtypes
synopsys::listing -disable
tcl_source /usr/local/packages/synopsys/vcs-mx/K-2015.09-SP1/gui/dve/auxx/gui/dve/schematic.tcl
tcl_source /usr/local/packages/synopsys/vcs-mx/K-2015.09-SP1/gui/dve/auxx/gui/common/schematic/base.tcl
tcl_source /usr/local/packages/synopsys/vcs-mx/K-2015.09-SP1/gui/dve/auxx/gui/common/schematic/enable.tcl
tcl_source /usr/local/packages/synopsys/vcs-mx/K-2015.09-SP1/gui/dve/auxx/gui/common/schematic/netlist.tcl
tcl_source /usr/local/packages/synopsys/vcs-mx/K-2015.09-SP1/gui/dve/auxx/gui/common/schematic/method.tcl
tcl_source /usr/local/packages/synopsys/vcs-mx/K-2015.09-SP1/gui/dve/auxx/gui/common/strokes/stroke_defaults.tcl
tcl_source /usr/local/packages/synopsys/vcs-mx/K-2015.09-SP1/gui/dve/auxx/gui/common/dialogs/ObjectListInfo.tcl
tcl_source /usr/local/packages/synopsys/vcs-mx/K-2015.09-SP1/gui/dve/auxx/gui/common/schematic/DialogPathSchematicFanInOut.tcl
tcl_source /usr/local/packages/synopsys/vcs-mx/K-2015.09-SP1/gui/dve/auxx/gui/dve/driversloads.tcl
if [catch {gui_sim_terminate}] {gui_sim_terminate -kill}
synopsys::finish
set ucliGUI::state
set ucliGUI::state
ucli_exit
